<?xml version="1.0" encoding="UTF-8"?>
<!-- Generated by org.testng.reporters.JUnitReportReporter -->
<testsuite hostname="mangesh-Inspiron-354" failures="0" tests="4" name="test_study.NewTest1" time="0.025" errors="0" timestamp="2023-06-21T15:44:50 IST" skipped="0">
  <testcase classname="test_study.NewTest1" name="TC3" time="0.002">
    <system-out>
      <![CDATA[Running TC3]]>
    </system-out>
  </testcase> <!-- TC3 -->
  <testcase classname="test_study.NewTest1" name="TC1" time="0.017">
    <system-out>
      <![CDATA[Running TC1]]>
    </system-out>
  </testcase> <!-- TC1 -->
  <testcase classname="test_study.NewTest1" name="TC2" time="0.003">
    <system-out>
      <![CDATA[Runnning TC2]]>
    </system-out>
  </testcase> <!-- TC2 -->
  <testcase classname="test_study.NewTest1" name="TC4" time="0.003">
    <system-out>
      <![CDATA[Running TC4]]>
    </system-out>
  </testcase> <!-- TC4 -->
  <system-out>
    <![CDATA[Running TC1
Runnning TC2
Running TC3
Running TC4]]>
  </system-out>
</testsuite> <!-- test_study.NewTest1 -->
